20:42:53 INFO  : Launching XSCT server: xsct.bat -n  -interactive C:\fromCharles\gyro_tester_gold\vitis\temp_xsdb_launch_script.tcl
20:42:53 INFO  : Registering command handlers for Vitis TCF services
20:42:53 INFO  : Platform repository initialization has completed.
20:42:56 INFO  : XSCT server has started successfully.
20:42:56 INFO  : Successfully done setting XSCT server connection channel  
20:42:57 INFO  : plnx-install-location is set to ''
20:42:57 INFO  : Successfully done setting workspace for the tool. 
20:42:57 INFO  : Successfully done query RDI_DATADIR 
20:51:05 INFO  : Result from executing command 'getProjects': gyro2ptfmPrj
20:51:05 INFO  : Result from executing command 'getPlatforms': 
21:16:59 INFO  : Result from executing command 'getProjects': gyro2ptfmPrj
21:16:59 INFO  : Result from executing command 'getPlatforms': gyro2ptfmPrj|C:/fromCharles/gyro_tester_gold/vitis/gyro2ptfmPrj/export/gyro2ptfmPrj/gyro2ptfmPrj.xpfm
21:21:18 INFO  : Checking for BSP changes to sync application flags for project 'gyro2appPrj'...
21:26:14 INFO  : Result from executing command 'getProjects': gyro2ptfmPrj
21:26:14 INFO  : Result from executing command 'getPlatforms': gyro2ptfmPrj|C:/fromCharles/gyro_tester_gold/vitis/gyro2ptfmPrj/export/gyro2ptfmPrj/gyro2ptfmPrj.xpfm
21:26:23 INFO  : Checking for BSP changes to sync application flags for project 'gyro2appPrj'...
21:31:18 INFO  : Checking for BSP changes to sync application flags for project 'gyro2appPrj'...
21:35:06 INFO  : Checking for BSP changes to sync application flags for project 'gyro2appPrj'...
21:37:12 INFO  : Checking for BSP changes to sync application flags for project 'gyro2appPrj'...
21:38:53 INFO  : Connected to target on host '127.0.0.1' and port '3121'.
21:38:54 INFO  : Jtag cable 'Digilent Zed 210248AA59A3' is selected.
21:38:54 INFO  : 'jtag frequency' command is executed.
21:38:54 INFO  : Context for 'APU' is selected.
21:38:54 INFO  : System reset is completed.
21:38:57 INFO  : 'after 3000' command is executed.
21:38:58 INFO  : 'targets -set -filter {jtag_cable_name =~ "Digilent Zed 210248AA59A3" && level==0 && jtag_device_ctx=="jsn-Zed-210248AA59A3-23727093-0"}' command is executed.
21:39:00 INFO  : Device configured successfully with "C:/fromCharles/gyro_tester_gold/vitis/gyro2appPrj/_ide/bitstream/design_3_wrapper.bit"
21:39:00 INFO  : Context for 'APU' is selected.
21:39:00 INFO  : Hardware design and registers information is loaded from 'C:/fromCharles/gyro_tester_gold/vitis/gyro2ptfmPrj/export/gyro2ptfmPrj/hw/design_3_wrapper.xsa'.
21:39:00 INFO  : 'configparams force-mem-access 1' command is executed.
21:39:00 INFO  : Context for 'APU' is selected.
21:39:00 INFO  : Sourcing of 'C:/fromCharles/gyro_tester_gold/vitis/gyro2appPrj/_ide/psinit/ps7_init.tcl' is done.
21:39:03 INFO  : 'ps7_init' command is executed.
21:39:03 INFO  : 'ps7_post_config' command is executed.
21:39:03 INFO  : Context for processor 'ps7_cortexa9_0' is selected.
21:39:04 INFO  : The application 'C:/fromCharles/gyro_tester_gold/vitis/gyro2appPrj/Debug/gyro2appPrj.elf' is downloaded to processor 'ps7_cortexa9_0'.
21:39:04 INFO  : 'configparams force-mem-access 0' command is executed.
21:39:04 INFO  : ----------------XSDB Script----------------
connect -url tcp:127.0.0.1:3121
targets -set -nocase -filter {name =~"APU*"}
rst -system
after 3000
targets -set -filter {jtag_cable_name =~ "Digilent Zed 210248AA59A3" && level==0 && jtag_device_ctx=="jsn-Zed-210248AA59A3-23727093-0"}
fpga -file C:/fromCharles/gyro_tester_gold/vitis/gyro2appPrj/_ide/bitstream/design_3_wrapper.bit
targets -set -nocase -filter {name =~"APU*"}
loadhw -hw C:/fromCharles/gyro_tester_gold/vitis/gyro2ptfmPrj/export/gyro2ptfmPrj/hw/design_3_wrapper.xsa -mem-ranges [list {0x40000000 0xbfffffff}] -regs
configparams force-mem-access 1
targets -set -nocase -filter {name =~"APU*"}
source C:/fromCharles/gyro_tester_gold/vitis/gyro2appPrj/_ide/psinit/ps7_init.tcl
ps7_init
ps7_post_config
targets -set -nocase -filter {name =~ "*A9*#0"}
dow C:/fromCharles/gyro_tester_gold/vitis/gyro2appPrj/Debug/gyro2appPrj.elf
configparams force-mem-access 0
----------------End of Script----------------

21:39:05 INFO  : Context for processor 'ps7_cortexa9_0' is selected.
21:39:05 INFO  : 'con' command is executed.
21:39:05 INFO  : ----------------XSDB Script (After Launch)----------------
targets -set -nocase -filter {name =~ "*A9*#0"}
con
----------------End of Script----------------

21:39:05 INFO  : Launch script is exported to file 'C:\fromCharles\gyro_tester_gold\vitis\gyro2appPrj_system\_ide\scripts\debugger_gyro2appprj-default.tcl'
22:53:46 INFO  : Disconnected from the channel tcfchan#10.
22:54:20 INFO  : Connected to target on host '127.0.0.1' and port '3121'.
22:54:20 INFO  : Jtag cable 'Digilent Zed 210248AA59A3' is selected.
22:54:21 INFO  : 'jtag frequency' command is executed.
22:54:21 INFO  : Context for 'APU' is selected.
22:54:21 INFO  : System reset is completed.
22:54:24 INFO  : 'after 3000' command is executed.
22:54:24 INFO  : 'targets -set -filter {jtag_cable_name =~ "Digilent Zed 210248AA59A3" && level==0 && jtag_device_ctx=="jsn-Zed-210248AA59A3-23727093-0"}' command is executed.
22:54:26 INFO  : Device configured successfully with "C:/fromCharles/gyro_tester_gold/vitis/gyro2appPrj/_ide/bitstream/design_3_wrapper.bit"
22:54:27 INFO  : Context for 'APU' is selected.
22:54:27 INFO  : Hardware design and registers information is loaded from 'C:/fromCharles/gyro_tester_gold/vitis/gyro2ptfmPrj/export/gyro2ptfmPrj/hw/design_3_wrapper.xsa'.
22:54:27 INFO  : 'configparams force-mem-access 1' command is executed.
22:54:27 INFO  : Context for 'APU' is selected.
22:54:27 INFO  : Sourcing of 'C:/fromCharles/gyro_tester_gold/vitis/gyro2appPrj/_ide/psinit/ps7_init.tcl' is done.
22:54:29 INFO  : 'ps7_init' command is executed.
22:54:29 INFO  : 'ps7_post_config' command is executed.
22:54:29 INFO  : Context for processor 'ps7_cortexa9_0' is selected.
22:54:30 INFO  : The application 'C:/fromCharles/gyro_tester_gold/vitis/gyro2appPrj/Debug/gyro2appPrj.elf' is downloaded to processor 'ps7_cortexa9_0'.
22:54:31 INFO  : 'configparams force-mem-access 0' command is executed.
22:54:31 INFO  : ----------------XSDB Script----------------
connect -url tcp:127.0.0.1:3121
targets -set -nocase -filter {name =~"APU*"}
rst -system
after 3000
targets -set -filter {jtag_cable_name =~ "Digilent Zed 210248AA59A3" && level==0 && jtag_device_ctx=="jsn-Zed-210248AA59A3-23727093-0"}
fpga -file C:/fromCharles/gyro_tester_gold/vitis/gyro2appPrj/_ide/bitstream/design_3_wrapper.bit
targets -set -nocase -filter {name =~"APU*"}
loadhw -hw C:/fromCharles/gyro_tester_gold/vitis/gyro2ptfmPrj/export/gyro2ptfmPrj/hw/design_3_wrapper.xsa -mem-ranges [list {0x40000000 0xbfffffff}] -regs
configparams force-mem-access 1
targets -set -nocase -filter {name =~"APU*"}
source C:/fromCharles/gyro_tester_gold/vitis/gyro2appPrj/_ide/psinit/ps7_init.tcl
ps7_init
ps7_post_config
targets -set -nocase -filter {name =~ "*A9*#0"}
dow C:/fromCharles/gyro_tester_gold/vitis/gyro2appPrj/Debug/gyro2appPrj.elf
configparams force-mem-access 0
----------------End of Script----------------

22:54:31 INFO  : Context for processor 'ps7_cortexa9_0' is selected.
22:54:31 INFO  : 'con' command is executed.
22:54:31 INFO  : ----------------XSDB Script (After Launch)----------------
targets -set -nocase -filter {name =~ "*A9*#0"}
con
----------------End of Script----------------

22:54:31 INFO  : Launch script is exported to file 'C:\fromCharles\gyro_tester_gold\vitis\gyro2appPrj_system\_ide\scripts\debugger_gyro2appprj-default.tcl'
23:17:07 INFO  : Disconnected from the channel tcfchan#11.
23:18:46 INFO  : Connected to target on host '127.0.0.1' and port '3121'.
23:18:47 INFO  : Jtag cable 'Digilent Zed 210248AA59A3' is selected.
23:18:47 INFO  : 'jtag frequency' command is executed.
23:18:47 INFO  : Context for 'APU' is selected.
23:18:47 INFO  : System reset is completed.
23:18:51 INFO  : 'after 3000' command is executed.
23:18:51 INFO  : 'targets -set -filter {jtag_cable_name =~ "Digilent Zed 210248AA59A3" && level==0 && jtag_device_ctx=="jsn-Zed-210248AA59A3-23727093-0"}' command is executed.
23:18:53 INFO  : Device configured successfully with "C:/fromCharles/gyro_tester_gold/vitis/gyro2appPrj/_ide/bitstream/design_3_wrapper.bit"
23:18:53 INFO  : Context for 'APU' is selected.
23:18:53 INFO  : Hardware design and registers information is loaded from 'C:/fromCharles/gyro_tester_gold/vitis/gyro2ptfmPrj/export/gyro2ptfmPrj/hw/design_3_wrapper.xsa'.
23:18:53 INFO  : 'configparams force-mem-access 1' command is executed.
23:18:53 INFO  : Context for 'APU' is selected.
23:18:53 INFO  : Sourcing of 'C:/fromCharles/gyro_tester_gold/vitis/gyro2appPrj/_ide/psinit/ps7_init.tcl' is done.
23:18:56 INFO  : 'ps7_init' command is executed.
23:18:56 INFO  : 'ps7_post_config' command is executed.
23:18:56 INFO  : Context for processor 'ps7_cortexa9_0' is selected.
23:18:57 INFO  : The application 'C:/fromCharles/gyro_tester_gold/vitis/gyro2appPrj/Debug/gyro2appPrj.elf' is downloaded to processor 'ps7_cortexa9_0'.
23:18:57 INFO  : 'configparams force-mem-access 0' command is executed.
23:18:57 INFO  : ----------------XSDB Script----------------
connect -url tcp:127.0.0.1:3121
targets -set -nocase -filter {name =~"APU*"}
rst -system
after 3000
targets -set -filter {jtag_cable_name =~ "Digilent Zed 210248AA59A3" && level==0 && jtag_device_ctx=="jsn-Zed-210248AA59A3-23727093-0"}
fpga -file C:/fromCharles/gyro_tester_gold/vitis/gyro2appPrj/_ide/bitstream/design_3_wrapper.bit
targets -set -nocase -filter {name =~"APU*"}
loadhw -hw C:/fromCharles/gyro_tester_gold/vitis/gyro2ptfmPrj/export/gyro2ptfmPrj/hw/design_3_wrapper.xsa -mem-ranges [list {0x40000000 0xbfffffff}] -regs
configparams force-mem-access 1
targets -set -nocase -filter {name =~"APU*"}
source C:/fromCharles/gyro_tester_gold/vitis/gyro2appPrj/_ide/psinit/ps7_init.tcl
ps7_init
ps7_post_config
targets -set -nocase -filter {name =~ "*A9*#0"}
dow C:/fromCharles/gyro_tester_gold/vitis/gyro2appPrj/Debug/gyro2appPrj.elf
configparams force-mem-access 0
----------------End of Script----------------

23:18:57 INFO  : Context for processor 'ps7_cortexa9_0' is selected.
23:18:58 INFO  : 'con' command is executed.
23:18:58 INFO  : ----------------XSDB Script (After Launch)----------------
targets -set -nocase -filter {name =~ "*A9*#0"}
con
----------------End of Script----------------

23:18:58 INFO  : Launch script is exported to file 'C:\fromCharles\gyro_tester_gold\vitis\gyro2appPrj_system\_ide\scripts\debugger_gyro2appprj-default.tcl'
23:30:50 INFO  : Disconnected from the channel tcfchan#12.
23:30:54 INFO  : Connected to target on host '127.0.0.1' and port '3121'.
23:30:55 INFO  : Jtag cable 'Digilent Zed 210248AA59A3' is selected.
23:30:55 INFO  : 'jtag frequency' command is executed.
23:30:55 INFO  : Context for 'APU' is selected.
23:30:55 INFO  : System reset is completed.
23:30:58 INFO  : 'after 3000' command is executed.
23:30:58 INFO  : 'targets -set -filter {jtag_cable_name =~ "Digilent Zed 210248AA59A3" && level==0 && jtag_device_ctx=="jsn-Zed-210248AA59A3-23727093-0"}' command is executed.
23:31:01 INFO  : Device configured successfully with "C:/fromCharles/gyro_tester_gold/vitis/gyro2appPrj/_ide/bitstream/design_3_wrapper.bit"
23:31:01 INFO  : Context for 'APU' is selected.
23:31:01 INFO  : Hardware design and registers information is loaded from 'C:/fromCharles/gyro_tester_gold/vitis/gyro2ptfmPrj/export/gyro2ptfmPrj/hw/design_3_wrapper.xsa'.
23:31:01 INFO  : 'configparams force-mem-access 1' command is executed.
23:31:01 INFO  : Context for 'APU' is selected.
23:31:01 INFO  : Sourcing of 'C:/fromCharles/gyro_tester_gold/vitis/gyro2appPrj/_ide/psinit/ps7_init.tcl' is done.
23:31:04 INFO  : 'ps7_init' command is executed.
23:31:04 INFO  : 'ps7_post_config' command is executed.
23:31:04 INFO  : Context for processor 'ps7_cortexa9_0' is selected.
23:31:05 INFO  : The application 'C:/fromCharles/gyro_tester_gold/vitis/gyro2appPrj/Debug/gyro2appPrj.elf' is downloaded to processor 'ps7_cortexa9_0'.
23:31:05 INFO  : 'configparams force-mem-access 0' command is executed.
23:31:05 INFO  : ----------------XSDB Script----------------
connect -url tcp:127.0.0.1:3121
targets -set -nocase -filter {name =~"APU*"}
rst -system
after 3000
targets -set -filter {jtag_cable_name =~ "Digilent Zed 210248AA59A3" && level==0 && jtag_device_ctx=="jsn-Zed-210248AA59A3-23727093-0"}
fpga -file C:/fromCharles/gyro_tester_gold/vitis/gyro2appPrj/_ide/bitstream/design_3_wrapper.bit
targets -set -nocase -filter {name =~"APU*"}
loadhw -hw C:/fromCharles/gyro_tester_gold/vitis/gyro2ptfmPrj/export/gyro2ptfmPrj/hw/design_3_wrapper.xsa -mem-ranges [list {0x40000000 0xbfffffff}] -regs
configparams force-mem-access 1
targets -set -nocase -filter {name =~"APU*"}
source C:/fromCharles/gyro_tester_gold/vitis/gyro2appPrj/_ide/psinit/ps7_init.tcl
ps7_init
ps7_post_config
targets -set -nocase -filter {name =~ "*A9*#0"}
dow C:/fromCharles/gyro_tester_gold/vitis/gyro2appPrj/Debug/gyro2appPrj.elf
configparams force-mem-access 0
----------------End of Script----------------

23:31:05 INFO  : Context for processor 'ps7_cortexa9_0' is selected.
23:31:05 INFO  : 'con' command is executed.
23:31:05 INFO  : ----------------XSDB Script (After Launch)----------------
targets -set -nocase -filter {name =~ "*A9*#0"}
con
----------------End of Script----------------

23:31:05 INFO  : Launch script is exported to file 'C:\fromCharles\gyro_tester_gold\vitis\gyro2appPrj_system\_ide\scripts\debugger_gyro2appprj-default.tcl'
23:34:52 INFO  : Disconnected from the channel tcfchan#13.
23:34:55 INFO  : Connected to target on host '127.0.0.1' and port '3121'.
23:34:55 INFO  : Jtag cable 'Digilent Zed 210248AA59A3' is selected.
23:34:55 INFO  : 'jtag frequency' command is executed.
23:34:55 INFO  : Context for 'APU' is selected.
23:34:55 INFO  : System reset is completed.
23:34:58 INFO  : 'after 3000' command is executed.
23:34:59 INFO  : 'targets -set -filter {jtag_cable_name =~ "Digilent Zed 210248AA59A3" && level==0 && jtag_device_ctx=="jsn-Zed-210248AA59A3-23727093-0"}' command is executed.
23:35:01 INFO  : Device configured successfully with "C:/fromCharles/gyro_tester_gold/vitis/gyro2appPrj/_ide/bitstream/design_3_wrapper.bit"
23:35:01 INFO  : Context for 'APU' is selected.
23:35:01 INFO  : Hardware design and registers information is loaded from 'C:/fromCharles/gyro_tester_gold/vitis/gyro2ptfmPrj/export/gyro2ptfmPrj/hw/design_3_wrapper.xsa'.
23:35:01 INFO  : 'configparams force-mem-access 1' command is executed.
23:35:01 INFO  : Context for 'APU' is selected.
23:35:01 INFO  : Sourcing of 'C:/fromCharles/gyro_tester_gold/vitis/gyro2appPrj/_ide/psinit/ps7_init.tcl' is done.
23:35:03 INFO  : 'ps7_init' command is executed.
23:35:03 INFO  : 'ps7_post_config' command is executed.
23:35:03 INFO  : Context for processor 'ps7_cortexa9_0' is selected.
23:35:04 INFO  : The application 'C:/fromCharles/gyro_tester_gold/vitis/gyro2appPrj/Debug/gyro2appPrj.elf' is downloaded to processor 'ps7_cortexa9_0'.
23:35:04 INFO  : 'configparams force-mem-access 0' command is executed.
23:35:04 INFO  : ----------------XSDB Script----------------
connect -url tcp:127.0.0.1:3121
targets -set -nocase -filter {name =~"APU*"}
rst -system
after 3000
targets -set -filter {jtag_cable_name =~ "Digilent Zed 210248AA59A3" && level==0 && jtag_device_ctx=="jsn-Zed-210248AA59A3-23727093-0"}
fpga -file C:/fromCharles/gyro_tester_gold/vitis/gyro2appPrj/_ide/bitstream/design_3_wrapper.bit
targets -set -nocase -filter {name =~"APU*"}
loadhw -hw C:/fromCharles/gyro_tester_gold/vitis/gyro2ptfmPrj/export/gyro2ptfmPrj/hw/design_3_wrapper.xsa -mem-ranges [list {0x40000000 0xbfffffff}] -regs
configparams force-mem-access 1
targets -set -nocase -filter {name =~"APU*"}
source C:/fromCharles/gyro_tester_gold/vitis/gyro2appPrj/_ide/psinit/ps7_init.tcl
ps7_init
ps7_post_config
targets -set -nocase -filter {name =~ "*A9*#0"}
dow C:/fromCharles/gyro_tester_gold/vitis/gyro2appPrj/Debug/gyro2appPrj.elf
configparams force-mem-access 0
----------------End of Script----------------

23:35:04 INFO  : Context for processor 'ps7_cortexa9_0' is selected.
23:35:05 INFO  : 'con' command is executed.
23:35:05 INFO  : ----------------XSDB Script (After Launch)----------------
targets -set -nocase -filter {name =~ "*A9*#0"}
con
----------------End of Script----------------

23:35:05 INFO  : Launch script is exported to file 'C:\fromCharles\gyro_tester_gold\vitis\gyro2appPrj_system\_ide\scripts\debugger_gyro2appprj-default.tcl'
23:45:50 INFO  : Disconnected from the channel tcfchan#14.
23:45:51 INFO  : Connected to target on host '127.0.0.1' and port '3121'.
23:45:51 INFO  : Jtag cable 'Digilent Zed 210248AA59A3' is selected.
23:45:51 INFO  : 'jtag frequency' command is executed.
23:45:52 INFO  : Context for 'APU' is selected.
23:45:52 INFO  : System reset is completed.
23:45:55 INFO  : 'after 3000' command is executed.
23:45:55 INFO  : 'targets -set -filter {jtag_cable_name =~ "Digilent Zed 210248AA59A3" && level==0 && jtag_device_ctx=="jsn-Zed-210248AA59A3-23727093-0"}' command is executed.
23:45:58 INFO  : Device configured successfully with "C:/fromCharles/gyro_tester_gold/vitis/gyro2appPrj/_ide/bitstream/design_3_wrapper.bit"
23:45:58 INFO  : Context for 'APU' is selected.
23:45:58 INFO  : Hardware design and registers information is loaded from 'C:/fromCharles/gyro_tester_gold/vitis/gyro2ptfmPrj/export/gyro2ptfmPrj/hw/design_3_wrapper.xsa'.
23:45:58 INFO  : 'configparams force-mem-access 1' command is executed.
23:45:58 INFO  : Context for 'APU' is selected.
23:45:58 INFO  : Sourcing of 'C:/fromCharles/gyro_tester_gold/vitis/gyro2appPrj/_ide/psinit/ps7_init.tcl' is done.
23:46:01 INFO  : 'ps7_init' command is executed.
23:46:01 INFO  : 'ps7_post_config' command is executed.
23:46:01 INFO  : Context for processor 'ps7_cortexa9_0' is selected.
23:46:02 INFO  : The application 'C:/fromCharles/gyro_tester_gold/vitis/gyro2appPrj/Debug/gyro2appPrj.elf' is downloaded to processor 'ps7_cortexa9_0'.
23:46:02 INFO  : 'configparams force-mem-access 0' command is executed.
23:46:02 INFO  : ----------------XSDB Script----------------
connect -url tcp:127.0.0.1:3121
targets -set -nocase -filter {name =~"APU*"}
rst -system
after 3000
targets -set -filter {jtag_cable_name =~ "Digilent Zed 210248AA59A3" && level==0 && jtag_device_ctx=="jsn-Zed-210248AA59A3-23727093-0"}
fpga -file C:/fromCharles/gyro_tester_gold/vitis/gyro2appPrj/_ide/bitstream/design_3_wrapper.bit
targets -set -nocase -filter {name =~"APU*"}
loadhw -hw C:/fromCharles/gyro_tester_gold/vitis/gyro2ptfmPrj/export/gyro2ptfmPrj/hw/design_3_wrapper.xsa -mem-ranges [list {0x40000000 0xbfffffff}] -regs
configparams force-mem-access 1
targets -set -nocase -filter {name =~"APU*"}
source C:/fromCharles/gyro_tester_gold/vitis/gyro2appPrj/_ide/psinit/ps7_init.tcl
ps7_init
ps7_post_config
targets -set -nocase -filter {name =~ "*A9*#0"}
dow C:/fromCharles/gyro_tester_gold/vitis/gyro2appPrj/Debug/gyro2appPrj.elf
configparams force-mem-access 0
----------------End of Script----------------

23:46:02 INFO  : Context for processor 'ps7_cortexa9_0' is selected.
23:46:03 INFO  : 'con' command is executed.
23:46:03 INFO  : ----------------XSDB Script (After Launch)----------------
targets -set -nocase -filter {name =~ "*A9*#0"}
con
----------------End of Script----------------

23:46:03 INFO  : Launch script is exported to file 'C:\fromCharles\gyro_tester_gold\vitis\gyro2appPrj_system\_ide\scripts\debugger_gyro2appprj-default.tcl'
00:08:01 INFO  : Disconnected from the channel tcfchan#15.
