#-----------------------------------------------------------
# Vivado v2021.2 (64-bit)
# SW Build 3367213 on Tue Oct 19 02:47:39 MDT 2021
# IP Build 3369179 on Thu Oct 21 08:25:16 MDT 2021
# Start of session at: Fri Apr  1 11:58:48 2022
# Process ID: 12114
# Current directory: /home/cdickins/reuse/gyro_tester_gold-master/ip_repo
# Command line: vivado
# Log file: /home/cdickins/reuse/gyro_tester_gold-master/ip_repo/vivado.log
# Journal file: /home/cdickins/reuse/gyro_tester_gold-master/ip_repo/vivado.jou
# Running On: xsjcdickins40x, OS: Linux, CPU Frequency: 2600.248 MHz, CPU Physical cores: 8, Host memory: 33556 MB
#-----------------------------------------------------------
start_gui
WARNING: [Board 49-26] cannot add Board Part xilinx.com:vck190_es:part0:1.3 available at /proj/xbuilds/SWIP/2021.2_1021_0703/installs/lin64/Vivado/2021.2/data/xhub/boards/XilinxBoardStore/boards/Xilinx/vck190/es/1.3/board.xml as part xcvc1902-vsva2197-2mp-e-s-es1 specified in board_part file is either invalid or not available
WARNING: [Board 49-26] cannot add Board Part xilinx.com:vmk180_es:part0:1.3 available at /proj/xbuilds/SWIP/2021.2_1021_0703/installs/lin64/Vivado/2021.2/data/xhub/boards/XilinxBoardStore/boards/Xilinx/vmk180/es/1.3/board.xml as part xcvm1802-vsva2197-2mp-e-s-es1 specified in board_part file is either invalid or not available
WARNING: [Board 49-26] cannot add Board Part xilinx.com:vpk120_es:part0:1.2 available at /proj/xbuilds/SWIP/2021.2_1021_0703/installs/lin64/Vivado/2021.2/data/xhub/boards/XilinxBoardStore/boards/Xilinx/vpk120/es/1.2/board.xml as part xcvp1202-vsva2785-2mp-e-s-es1 specified in board_part file is either invalid or not available
WARNING: [Board 49-26] cannot add Board Part xilinx.com:zcu208ld:part0:2.0 available at /proj/xbuilds/SWIP/2021.2_1021_0703/installs/lin64/Vivado/2021.2/data/xhub/boards/XilinxBoardStore/boards/Xilinx/zcu208ld/production/2.0/board.xml as part xczu58dr-fsvg1517-2-i specified in board_part file is either invalid or not available
WARNING: [Board 49-26] cannot add Board Part xilinx.com:zcu208ld_es:part0:1.0 available at /proj/xbuilds/SWIP/2021.2_1021_0703/installs/lin64/Vivado/2021.2/data/xhub/boards/XilinxBoardStore/boards/Xilinx/zcu208ld/es/1.0/board.xml as part xczu58dr-fsvg1517-2-i-es1 specified in board_part file is either invalid or not available
WARNING: [Board 49-26] cannot add Board Part xilinx.com:zcu216ld:part0:2.0 available at /proj/xbuilds/SWIP/2021.2_1021_0703/installs/lin64/Vivado/2021.2/data/xhub/boards/XilinxBoardStore/boards/Xilinx/zcu216ld/production/2.0/board.xml as part xczu59dr-ffvf1760-2-i specified in board_part file is either invalid or not available
WARNING: [Board 49-26] cannot add Board Part xilinx.com:zcu216ld_es:part0:1.0 available at /proj/xbuilds/SWIP/2021.2_1021_0703/installs/lin64/Vivado/2021.2/data/xhub/boards/XilinxBoardStore/boards/Xilinx/zcu216ld/es/1.0/board.xml as part xczu59dr-ffvf1760-2-i-es1 specified in board_part file is either invalid or not available
WARNING: [Board 49-26] cannot add Board Part xilinx.com:zcu670:part0:1.0 available at /proj/xbuilds/SWIP/2021.2_1021_0703/installs/lin64/Vivado/2021.2/data/xhub/boards/XilinxBoardStore/boards/Xilinx/zcu670/1.0/board.xml as part xczu67dr-fsve1156-2-i specified in board_part file is either invalid or not available
open_project /home/cdickins/reuse/gyro_tester_gold-master/gyro_tester_gold/gyro_tester_gold/gyro_tester_gold.xpr
INFO: [filemgmt 56-3] Default IP Output Path : Could not find the directory '/home/cdickins/reuse/gyro_tester_gold-master/gyro_tester_gold/gyro_tester_gold/gyro_tester_gold.gen/sources_1'.
WARNING: [BD 41-2576] File '/home/cdickins/reuse/gyro_tester_gold-master/gyro_tester_gold/gyro_tester_gold/gyro_tester_gold.srcs/sources_1/bd/design_2/ip/design_2_auto_pc_5/design_2_auto_pc_5.xci' referenced by design 'design_2' could not be found.
WARNING: [BD 41-2576] File '/home/cdickins/reuse/gyro_tester_gold-master/gyro_tester_gold/gyro_tester_gold/gyro_tester_gold.srcs/sources_1/bd/design_2/ip/design_2_auto_pc_0/design_2_auto_pc_0.xci' referenced by design 'design_2' could not be found.
WARNING: [BD 41-2576] File '/home/cdickins/reuse/gyro_tester_gold-master/gyro_tester_gold/gyro_tester_gold/gyro_tester_gold.srcs/sources_1/bd/design_2/ip/design_2_auto_pc_1/design_2_auto_pc_1.xci' referenced by design 'design_2' could not be found.
WARNING: [BD 41-2576] File '/home/cdickins/reuse/gyro_tester_gold-master/gyro_tester_gold/gyro_tester_gold/gyro_tester_gold.srcs/sources_1/bd/design_2/ip/design_2_auto_pc_2/design_2_auto_pc_2.xci' referenced by design 'design_2' could not be found.
WARNING: [BD 41-2576] File '/home/cdickins/reuse/gyro_tester_gold-master/gyro_tester_gold/gyro_tester_gold/gyro_tester_gold.srcs/sources_1/bd/design_2/ip/design_2_auto_pc_3/design_2_auto_pc_3.xci' referenced by design 'design_2' could not be found.
WARNING: [BD 41-2576] File '/home/cdickins/reuse/gyro_tester_gold-master/gyro_tester_gold/gyro_tester_gold/gyro_tester_gold.srcs/sources_1/bd/design_2/ip/design_2_auto_pc_4/design_2_auto_pc_4.xci' referenced by design 'design_2' could not be found.
Scanning sources...
Finished scanning sources
INFO: [IP_Flow 19-234] Refreshing IP repositories
WARNING: [IP_Flow 19-3685] Ignored loading user repository '/home/cdickins/reuse/gyro_tester_gold-master/ip_repo/axis_stream_txfifo_2.0'. The path is contained within another repository.
WARNING: [IP_Flow 19-3685] Ignored loading user repository '/home/cdickins/reuse/gyro_tester_gold-master/ip_repo/Handler_1.0'. The path is contained within another repository.
INFO: [IP_Flow 19-1700] Loaded user IP repository '/home/cdickins/reuse/gyro_tester_gold-master/ip_repo'.
INFO: [IP_Flow 19-2313] Loaded Vivado IP repository '/proj/xbuilds/SWIP/2021.2_1021_0703/installs/lin64/Vivado/2021.2/data/ip'.
WARNING: [BD 41-2576] File '/home/cdickins/reuse/gyro_tester_gold-master/gyro_tester_gold/gyro_tester_gold/gyro_tester_gold.srcs/sources_1/bd/design_2/ip/design_2_axi_smc_0/bd_0/ip/ip_0/bd_ebcc_one_0.xci' referenced by design 'bd_ebcc' could not be found.
WARNING: [BD 41-2576] File '/home/cdickins/reuse/gyro_tester_gold-master/gyro_tester_gold/gyro_tester_gold/gyro_tester_gold.srcs/sources_1/bd/design_2/ip/design_2_axi_smc_0/bd_0/ip/ip_1/bd_ebcc_psr_aclk_0.xci' referenced by design 'bd_ebcc' could not be found.
WARNING: [BD 41-2576] File '/home/cdickins/reuse/gyro_tester_gold-master/gyro_tester_gold/gyro_tester_gold/gyro_tester_gold.srcs/sources_1/bd/design_2/ip/design_2_axi_smc_0/bd_0/ip/ip_2/bd_ebcc_arsw_0.xci' referenced by design 'bd_ebcc' could not be found.
WARNING: [BD 41-2576] File '/home/cdickins/reuse/gyro_tester_gold-master/gyro_tester_gold/gyro_tester_gold/gyro_tester_gold.srcs/sources_1/bd/design_2/ip/design_2_axi_smc_0/bd_0/ip/ip_3/bd_ebcc_rsw_0.xci' referenced by design 'bd_ebcc' could not be found.
WARNING: [BD 41-2576] File '/home/cdickins/reuse/gyro_tester_gold-master/gyro_tester_gold/gyro_tester_gold/gyro_tester_gold.srcs/sources_1/bd/design_2/ip/design_2_axi_smc_0/bd_0/ip/ip_4/bd_ebcc_awsw_0.xci' referenced by design 'bd_ebcc' could not be found.
WARNING: [BD 41-2576] File '/home/cdickins/reuse/gyro_tester_gold-master/gyro_tester_gold/gyro_tester_gold/gyro_tester_gold.srcs/sources_1/bd/design_2/ip/design_2_axi_smc_0/bd_0/ip/ip_5/bd_ebcc_wsw_0.xci' referenced by design 'bd_ebcc' could not be found.
WARNING: [BD 41-2576] File '/home/cdickins/reuse/gyro_tester_gold-master/gyro_tester_gold/gyro_tester_gold/gyro_tester_gold.srcs/sources_1/bd/design_2/ip/design_2_axi_smc_0/bd_0/ip/ip_6/bd_ebcc_bsw_0.xci' referenced by design 'bd_ebcc' could not be found.
WARNING: [BD 41-2576] File '/home/cdickins/reuse/gyro_tester_gold-master/gyro_tester_gold/gyro_tester_gold/gyro_tester_gold.srcs/sources_1/bd/design_2/ip/design_2_axi_smc_0/bd_0/ip/ip_7/bd_ebcc_s00mmu_0.xci' referenced by design 'bd_ebcc' could not be found.
WARNING: [BD 41-2576] File '/home/cdickins/reuse/gyro_tester_gold-master/gyro_tester_gold/gyro_tester_gold/gyro_tester_gold.srcs/sources_1/bd/design_2/ip/design_2_axi_smc_0/bd_0/ip/ip_8/bd_ebcc_s00tr_0.xci' referenced by design 'bd_ebcc' could not be found.
WARNING: [BD 41-2576] File '/home/cdickins/reuse/gyro_tester_gold-master/gyro_tester_gold/gyro_tester_gold/gyro_tester_gold.srcs/sources_1/bd/design_2/ip/design_2_axi_smc_0/bd_0/ip/ip_9/bd_ebcc_s00sic_0.xci' referenced by design 'bd_ebcc' could not be found.
WARNING: [BD 41-2576] File '/home/cdickins/reuse/gyro_tester_gold-master/gyro_tester_gold/gyro_tester_gold/gyro_tester_gold.srcs/sources_1/bd/design_2/ip/design_2_axi_smc_0/bd_0/ip/ip_10/bd_ebcc_s00a2s_0.xci' referenced by design 'bd_ebcc' could not be found.
WARNING: [BD 41-2576] File '/home/cdickins/reuse/gyro_tester_gold-master/gyro_tester_gold/gyro_tester_gold/gyro_tester_gold.srcs/sources_1/bd/design_2/ip/design_2_axi_smc_0/bd_0/ip/ip_11/bd_ebcc_sarn_0.xci' referenced by design 'bd_ebcc' could not be found.
WARNING: [BD 41-2576] File '/home/cdickins/reuse/gyro_tester_gold-master/gyro_tester_gold/gyro_tester_gold/gyro_tester_gold.srcs/sources_1/bd/design_2/ip/design_2_axi_smc_0/bd_0/ip/ip_12/bd_ebcc_srn_0.xci' referenced by design 'bd_ebcc' could not be found.
WARNING: [BD 41-2576] File '/home/cdickins/reuse/gyro_tester_gold-master/gyro_tester_gold/gyro_tester_gold/gyro_tester_gold.srcs/sources_1/bd/design_2/ip/design_2_axi_smc_0/bd_0/ip/ip_13/bd_ebcc_sawn_0.xci' referenced by design 'bd_ebcc' could not be found.
WARNING: [BD 41-2576] File '/home/cdickins/reuse/gyro_tester_gold-master/gyro_tester_gold/gyro_tester_gold/gyro_tester_gold.srcs/sources_1/bd/design_2/ip/design_2_axi_smc_0/bd_0/ip/ip_14/bd_ebcc_swn_0.xci' referenced by design 'bd_ebcc' could not be found.
WARNING: [BD 41-2576] File '/home/cdickins/reuse/gyro_tester_gold-master/gyro_tester_gold/gyro_tester_gold/gyro_tester_gold.srcs/sources_1/bd/design_2/ip/design_2_axi_smc_0/bd_0/ip/ip_15/bd_ebcc_sbn_0.xci' referenced by design 'bd_ebcc' could not be found.
WARNING: [BD 41-2576] File '/home/cdickins/reuse/gyro_tester_gold-master/gyro_tester_gold/gyro_tester_gold/gyro_tester_gold.srcs/sources_1/bd/design_2/ip/design_2_axi_smc_0/bd_0/ip/ip_16/bd_ebcc_s01mmu_0.xci' referenced by design 'bd_ebcc' could not be found.
WARNING: [BD 41-2576] File '/home/cdickins/reuse/gyro_tester_gold-master/gyro_tester_gold/gyro_tester_gold/gyro_tester_gold.srcs/sources_1/bd/design_2/ip/design_2_axi_smc_0/bd_0/ip/ip_17/bd_ebcc_s01tr_0.xci' referenced by design 'bd_ebcc' could not be found.
WARNING: [BD 41-2576] File '/home/cdickins/reuse/gyro_tester_gold-master/gyro_tester_gold/gyro_tester_gold/gyro_tester_gold.srcs/sources_1/bd/design_2/ip/design_2_axi_smc_0/bd_0/ip/ip_18/bd_ebcc_s01sic_0.xci' referenced by design 'bd_ebcc' could not be found.
WARNING: [BD 41-2576] File '/home/cdickins/reuse/gyro_tester_gold-master/gyro_tester_gold/gyro_tester_gold/gyro_tester_gold.srcs/sources_1/bd/design_2/ip/design_2_axi_smc_0/bd_0/ip/ip_19/bd_ebcc_s01a2s_0.xci' referenced by design 'bd_ebcc' could not be found.
WARNING: [BD 41-2576] File '/home/cdickins/reuse/gyro_tester_gold-master/gyro_tester_gold/gyro_tester_gold/gyro_tester_gold.srcs/sources_1/bd/design_2/ip/design_2_axi_smc_0/bd_0/ip/ip_20/bd_ebcc_sarn_1.xci' referenced by design 'bd_ebcc' could not be found.
WARNING: [BD 41-2576] File '/home/cdickins/reuse/gyro_tester_gold-master/gyro_tester_gold/gyro_tester_gold/gyro_tester_gold.srcs/sources_1/bd/design_2/ip/design_2_axi_smc_0/bd_0/ip/ip_21/bd_ebcc_srn_1.xci' referenced by design 'bd_ebcc' could not be found.
WARNING: [BD 41-2576] File '/home/cdickins/reuse/gyro_tester_gold-master/gyro_tester_gold/gyro_tester_gold/gyro_tester_gold.srcs/sources_1/bd/design_2/ip/design_2_axi_smc_0/bd_0/ip/ip_22/bd_ebcc_s02mmu_0.xci' referenced by design 'bd_ebcc' could not be found.
WARNING: [BD 41-2576] File '/home/cdickins/reuse/gyro_tester_gold-master/gyro_tester_gold/gyro_tester_gold/gyro_tester_gold.srcs/sources_1/bd/design_2/ip/design_2_axi_smc_0/bd_0/ip/ip_23/bd_ebcc_s02tr_0.xci' referenced by design 'bd_ebcc' could not be found.
WARNING: [BD 41-2576] File '/home/cdickins/reuse/gyro_tester_gold-master/gyro_tester_gold/gyro_tester_gold/gyro_tester_gold.srcs/sources_1/bd/design_2/ip/design_2_axi_smc_0/bd_0/ip/ip_24/bd_ebcc_s02sic_0.xci' referenced by design 'bd_ebcc' could not be found.
WARNING: [BD 41-2576] File '/home/cdickins/reuse/gyro_tester_gold-master/gyro_tester_gold/gyro_tester_gold/gyro_tester_gold.srcs/sources_1/bd/design_2/ip/design_2_axi_smc_0/bd_0/ip/ip_25/bd_ebcc_s02a2s_0.xci' referenced by design 'bd_ebcc' could not be found.
WARNING: [BD 41-2576] File '/home/cdickins/reuse/gyro_tester_gold-master/gyro_tester_gold/gyro_tester_gold/gyro_tester_gold.srcs/sources_1/bd/design_2/ip/design_2_axi_smc_0/bd_0/ip/ip_26/bd_ebcc_sawn_1.xci' referenced by design 'bd_ebcc' could not be found.
WARNING: [BD 41-2576] File '/home/cdickins/reuse/gyro_tester_gold-master/gyro_tester_gold/gyro_tester_gold/gyro_tester_gold.srcs/sources_1/bd/design_2/ip/design_2_axi_smc_0/bd_0/ip/ip_27/bd_ebcc_swn_1.xci' referenced by design 'bd_ebcc' could not be found.
WARNING: [BD 41-2576] File '/home/cdickins/reuse/gyro_tester_gold-master/gyro_tester_gold/gyro_tester_gold/gyro_tester_gold.srcs/sources_1/bd/design_2/ip/design_2_axi_smc_0/bd_0/ip/ip_28/bd_ebcc_sbn_1.xci' referenced by design 'bd_ebcc' could not be found.
WARNING: [BD 41-2576] File '/home/cdickins/reuse/gyro_tester_gold-master/gyro_tester_gold/gyro_tester_gold/gyro_tester_gold.srcs/sources_1/bd/design_2/ip/design_2_axi_smc_0/bd_0/ip/ip_29/bd_ebcc_m00s2a_0.xci' referenced by design 'bd_ebcc' could not be found.
WARNING: [BD 41-2576] File '/home/cdickins/reuse/gyro_tester_gold-master/gyro_tester_gold/gyro_tester_gold/gyro_tester_gold.srcs/sources_1/bd/design_2/ip/design_2_axi_smc_0/bd_0/ip/ip_30/bd_ebcc_m00arn_0.xci' referenced by design 'bd_ebcc' could not be found.
WARNING: [BD 41-2576] File '/home/cdickins/reuse/gyro_tester_gold-master/gyro_tester_gold/gyro_tester_gold/gyro_tester_gold.srcs/sources_1/bd/design_2/ip/design_2_axi_smc_0/bd_0/ip/ip_31/bd_ebcc_m00rn_0.xci' referenced by design 'bd_ebcc' could not be found.
WARNING: [BD 41-2576] File '/home/cdickins/reuse/gyro_tester_gold-master/gyro_tester_gold/gyro_tester_gold/gyro_tester_gold.srcs/sources_1/bd/design_2/ip/design_2_axi_smc_0/bd_0/ip/ip_32/bd_ebcc_m00awn_0.xci' referenced by design 'bd_ebcc' could not be found.
WARNING: [BD 41-2576] File '/home/cdickins/reuse/gyro_tester_gold-master/gyro_tester_gold/gyro_tester_gold/gyro_tester_gold.srcs/sources_1/bd/design_2/ip/design_2_axi_smc_0/bd_0/ip/ip_33/bd_ebcc_m00wn_0.xci' referenced by design 'bd_ebcc' could not be found.
WARNING: [BD 41-2576] File '/home/cdickins/reuse/gyro_tester_gold-master/gyro_tester_gold/gyro_tester_gold/gyro_tester_gold.srcs/sources_1/bd/design_2/ip/design_2_axi_smc_0/bd_0/ip/ip_34/bd_ebcc_m00bn_0.xci' referenced by design 'bd_ebcc' could not be found.
WARNING: [BD 41-2576] File '/home/cdickins/reuse/gyro_tester_gold-master/gyro_tester_gold/gyro_tester_gold/gyro_tester_gold.srcs/sources_1/bd/design_2/ip/design_2_axi_smc_0/bd_0/ip/ip_35/bd_ebcc_m00e_0.xci' referenced by design 'bd_ebcc' could not be found.
WARNING: [BD 41-1661] One or more IPs have been locked in the design 'design_2.bd'. Please run report_ip_status for more details and recommendations on how to fix this issue.
List of locked IPs:
design_2_axis_stream_txfifo_0_2
design_2_processing_system7_0_0

open_project: Time (s): cpu = 00:00:17 ; elapsed = 00:00:08 . Memory (MB): peak = 8063.676 ; gain = 90.195 ; free physical = 19497 ; free virtual = 25381
update_compile_order -fileset sources_1
open_bd_design {/home/cdickins/reuse/gyro_tester_gold-master/gyro_tester_gold/gyro_tester_gold/gyro_tester_gold.srcs/sources_1/bd/design_2/design_2.bd}
Reading block design file </home/cdickins/reuse/gyro_tester_gold-master/gyro_tester_gold/gyro_tester_gold/gyro_tester_gold.srcs/sources_1/bd/design_2/design_2.bd>...
Adding component instance block -- xilinx.com:ip:proc_sys_reset:5.0 - clk_reset_domain
Adding component instance block -- xilinx.com:ip:xlconcat:2.1 - xlconcat_0
Adding component instance block -- xilinx.com:ip:axi_dma:7.1 - axi_dma_0
Adding component instance block -- xilinx.com:user:axi4_pl_SPI_ip:1.0 - SPI_ip_0
Adding component instance block -- xilinx.com:ip:proc_sys_reset:5.0 - txclk_reset_domain
Adding component instance block -- xilinx.com:ip:smartconnect:1.0 - axi_smc
Adding component instance block -- xilinx.com:ip:processing_system7:5.5 - processing_system7_0
ERROR: [IP_Flow 19-2322] Failed to set user parameter 'S_AXI_HP0.ID_WIDTH' value '6' for IP 'processing_system7_0'.
Adding component instance block -- xilinx.com:ip:axi_interconnect:2.1 - AXI_Register_Demux
Adding component instance block -- xilinx.com:ip:axi_crossbar:2.1 - xbar
Adding component instance block -- xilinx.com:ip:axi_protocol_converter:2.1 - auto_pc
INFO: [BD 41-434] Could not find an IP with XCI file by name: design_2_auto_pc_5 
Adding component instance block -- xilinx.com:ip:axi_protocol_converter:2.1 - auto_pc
Adding component instance block -- xilinx.com:ip:axi_protocol_converter:2.1 - auto_pc
Adding component instance block -- xilinx.com:ip:axi_protocol_converter:2.1 - auto_pc
Adding component instance block -- xilinx.com:ip:axi_protocol_converter:2.1 - auto_pc
Adding component instance block -- xilinx.com:ip:axi_protocol_converter:2.1 - auto_pc
Adding component instance block -- xilinx.com:user:axis_stream_fifo:1.0 - RxFIFO
Adding component instance block -- xilinx.com:user:BiDirChannels:1.0 - BiDirChannels_0
Adding component instance block -- user.org:user:axis_stream_txfifo:2.0 - TxFIFO
Successfully read diagram <design_2> from block design file </home/cdickins/reuse/gyro_tester_gold-master/gyro_tester_gold/gyro_tester_gold/gyro_tester_gold.srcs/sources_1/bd/design_2/design_2.bd>
INFO: [BD 41-433] 
Design successfully migrated to use XCI files...
INFO: [Ipptcl 7-1463] No Compatible Board Interface found. Board Tab not created in customize GUI
WARNING: [IP_Flow 19-2162] IP 'bd_ebcc_psr_aclk_0' is locked:
* This IP has board specific outputs. Current project board 'em.avnet.com:zed:part0:1.4' and the board 'unset' used to customize the IP 'bd_ebcc_psr_aclk_0' do not match.
ERROR: [IP_Flow 19-2322] Failed to set user parameter 'C_AUX_RESET_HIGH' value '0' for IP 'axi_smc/inst/psr_aclk'.
ERROR: [IP_Flow 19-2322] Failed to set user parameter 'C_AUX_RESET_HIGH' value '0' for IP 'axi_smc/inst/clk_map/psr_aclk'.
INFO: [BD 41-433] 
Design successfully migrated to use XCI files...
open_bd_design: Time (s): cpu = 00:00:20 ; elapsed = 00:00:31 . Memory (MB): peak = 8228.754 ; gain = 0.000 ; free physical = 17425 ; free virtual = 23420
ERROR: [Common 17-39] 'open_bd_design' failed due to earlier errors.
