#-----------------------------------------------------------
# Vivado v2021.2 (64-bit)
# SW Build 3367213 on Tue Oct 19 02:47:39 MDT 2021
# IP Build 3369179 on Thu Oct 21 08:25:16 MDT 2021
# Start of session at: Fri Apr  1 11:38:46 2022
# Process ID: 8107
# Current directory: /home/cdickins/reuse/gyro_tester_gold-master/ip_repo
# Command line: vivado
# Log file: /home/cdickins/reuse/gyro_tester_gold-master/ip_repo/vivado.log
# Journal file: /home/cdickins/reuse/gyro_tester_gold-master/ip_repo/vivado.jou
# Running On: xsjcdickins40x, OS: Linux, CPU Frequency: 2600.248 MHz, CPU Physical cores: 8, Host memory: 33556 MB
#-----------------------------------------------------------
start_gui
WARNING: [Board 49-26] cannot add Board Part xilinx.com:vck190_es:part0:1.3 available at /proj/xbuilds/SWIP/2021.2_1021_0703/installs/lin64/Vivado/2021.2/data/xhub/boards/XilinxBoardStore/boards/Xilinx/vck190/es/1.3/board.xml as part xcvc1902-vsva2197-2mp-e-s-es1 specified in board_part file is either invalid or not available
WARNING: [Board 49-26] cannot add Board Part xilinx.com:vmk180_es:part0:1.3 available at /proj/xbuilds/SWIP/2021.2_1021_0703/installs/lin64/Vivado/2021.2/data/xhub/boards/XilinxBoardStore/boards/Xilinx/vmk180/es/1.3/board.xml as part xcvm1802-vsva2197-2mp-e-s-es1 specified in board_part file is either invalid or not available
WARNING: [Board 49-26] cannot add Board Part xilinx.com:vpk120_es:part0:1.2 available at /proj/xbuilds/SWIP/2021.2_1021_0703/installs/lin64/Vivado/2021.2/data/xhub/boards/XilinxBoardStore/boards/Xilinx/vpk120/es/1.2/board.xml as part xcvp1202-vsva2785-2mp-e-s-es1 specified in board_part file is either invalid or not available
WARNING: [Board 49-26] cannot add Board Part xilinx.com:zcu208ld:part0:2.0 available at /proj/xbuilds/SWIP/2021.2_1021_0703/installs/lin64/Vivado/2021.2/data/xhub/boards/XilinxBoardStore/boards/Xilinx/zcu208ld/production/2.0/board.xml as part xczu58dr-fsvg1517-2-i specified in board_part file is either invalid or not available
WARNING: [Board 49-26] cannot add Board Part xilinx.com:zcu208ld_es:part0:1.0 available at /proj/xbuilds/SWIP/2021.2_1021_0703/installs/lin64/Vivado/2021.2/data/xhub/boards/XilinxBoardStore/boards/Xilinx/zcu208ld/es/1.0/board.xml as part xczu58dr-fsvg1517-2-i-es1 specified in board_part file is either invalid or not available
WARNING: [Board 49-26] cannot add Board Part xilinx.com:zcu216ld:part0:2.0 available at /proj/xbuilds/SWIP/2021.2_1021_0703/installs/lin64/Vivado/2021.2/data/xhub/boards/XilinxBoardStore/boards/Xilinx/zcu216ld/production/2.0/board.xml as part xczu59dr-ffvf1760-2-i specified in board_part file is either invalid or not available
WARNING: [Board 49-26] cannot add Board Part xilinx.com:zcu216ld_es:part0:1.0 available at /proj/xbuilds/SWIP/2021.2_1021_0703/installs/lin64/Vivado/2021.2/data/xhub/boards/XilinxBoardStore/boards/Xilinx/zcu216ld/es/1.0/board.xml as part xczu59dr-ffvf1760-2-i-es1 specified in board_part file is either invalid or not available
WARNING: [Board 49-26] cannot add Board Part xilinx.com:zcu670:part0:1.0 available at /proj/xbuilds/SWIP/2021.2_1021_0703/installs/lin64/Vivado/2021.2/data/xhub/boards/XilinxBoardStore/boards/Xilinx/zcu670/1.0/board.xml as part xczu67dr-fsve1156-2-i specified in board_part file is either invalid or not available
open_project /home/cdickins/reuse/gyro_tester_gold-master/gyro_tester_gold/gyro_tester_gold/gyro_tester_gold.xpr
INFO: [filemgmt 56-3] Default IP Output Path : Could not find the directory '/home/cdickins/reuse/gyro_tester_gold-master/gyro_tester_gold/gyro_tester_gold/gyro_tester_gold.gen/sources_1'.
WARNING: [BD 41-2576] File '/home/cdickins/reuse/gyro_tester_gold-master/gyro_tester_gold/gyro_tester_gold/gyro_tester_gold.srcs/sources_1/bd/design_2/ip/design_2_auto_pc_5/design_2_auto_pc_5.xci' referenced by design 'design_2' could not be found.
WARNING: [BD 41-2576] File '/home/cdickins/reuse/gyro_tester_gold-master/gyro_tester_gold/gyro_tester_gold/gyro_tester_gold.srcs/sources_1/bd/design_2/ip/design_2_auto_pc_0/design_2_auto_pc_0.xci' referenced by design 'design_2' could not be found.
WARNING: [BD 41-2576] File '/home/cdickins/reuse/gyro_tester_gold-master/gyro_tester_gold/gyro_tester_gold/gyro_tester_gold.srcs/sources_1/bd/design_2/ip/design_2_auto_pc_1/design_2_auto_pc_1.xci' referenced by design 'design_2' could not be found.
WARNING: [BD 41-2576] File '/home/cdickins/reuse/gyro_tester_gold-master/gyro_tester_gold/gyro_tester_gold/gyro_tester_gold.srcs/sources_1/bd/design_2/ip/design_2_auto_pc_2/design_2_auto_pc_2.xci' referenced by design 'design_2' could not be found.
WARNING: [BD 41-2576] File '/home/cdickins/reuse/gyro_tester_gold-master/gyro_tester_gold/gyro_tester_gold/gyro_tester_gold.srcs/sources_1/bd/design_2/ip/design_2_auto_pc_3/design_2_auto_pc_3.xci' referenced by design 'design_2' could not be found.
WARNING: [BD 41-2576] File '/home/cdickins/reuse/gyro_tester_gold-master/gyro_tester_gold/gyro_tester_gold/gyro_tester_gold.srcs/sources_1/bd/design_2/ip/design_2_auto_pc_4/design_2_auto_pc_4.xci' referenced by design 'design_2' could not be found.
Scanning sources...
Finished scanning sources
CRITICAL WARNING: [Board 49-67] The board_part definition was not found for em.avnet.com:zed:part0:1.4. This can happen sometimes when you use custom board part. You can resolve this issue by setting 'board.repoPaths' parameter, pointing to the location of custom board files. Valid board_part values can be retrieved with the 'get_board_parts' Tcl command.
INFO: [IP_Flow 19-234] Refreshing IP repositories
WARNING: [IP_Flow 19-3685] Ignored loading user repository '/home/cdickins/reuse/gyro_tester_gold-master/ip_repo/axis_stream_txfifo_2.0'. The path is contained within another repository.
WARNING: [IP_Flow 19-3685] Ignored loading user repository '/home/cdickins/reuse/gyro_tester_gold-master/ip_repo/Handler_1.0'. The path is contained within another repository.
INFO: [IP_Flow 19-1700] Loaded user IP repository '/home/cdickins/reuse/gyro_tester_gold-master/ip_repo'.
INFO: [IP_Flow 19-2313] Loaded Vivado IP repository '/proj/xbuilds/SWIP/2021.2_1021_0703/installs/lin64/Vivado/2021.2/data/ip'.
WARNING: [BD 41-2576] File '/home/cdickins/reuse/gyro_tester_gold-master/gyro_tester_gold/gyro_tester_gold/gyro_tester_gold.srcs/sources_1/bd/design_2/ip/design_2_axi_smc_0/bd_0/ip/ip_0/bd_ebcc_one_0.xci' referenced by design 'bd_ebcc' could not be found.
WARNING: [BD 41-2576] File '/home/cdickins/reuse/gyro_tester_gold-master/gyro_tester_gold/gyro_tester_gold/gyro_tester_gold.srcs/sources_1/bd/design_2/ip/design_2_axi_smc_0/bd_0/ip/ip_1/bd_ebcc_psr_aclk_0.xci' referenced by design 'bd_ebcc' could not be found.
WARNING: [BD 41-2576] File '/home/cdickins/reuse/gyro_tester_gold-master/gyro_tester_gold/gyro_tester_gold/gyro_tester_gold.srcs/sources_1/bd/design_2/ip/design_2_axi_smc_0/bd_0/ip/ip_2/bd_ebcc_arsw_0.xci' referenced by design 'bd_ebcc' could not be found.
WARNING: [BD 41-2576] File '/home/cdickins/reuse/gyro_tester_gold-master/gyro_tester_gold/gyro_tester_gold/gyro_tester_gold.srcs/sources_1/bd/design_2/ip/design_2_axi_smc_0/bd_0/ip/ip_3/bd_ebcc_rsw_0.xci' referenced by design 'bd_ebcc' could not be found.
WARNING: [BD 41-2576] File '/home/cdickins/reuse/gyro_tester_gold-master/gyro_tester_gold/gyro_tester_gold/gyro_tester_gold.srcs/sources_1/bd/design_2/ip/design_2_axi_smc_0/bd_0/ip/ip_4/bd_ebcc_awsw_0.xci' referenced by design 'bd_ebcc' could not be found.
WARNING: [BD 41-2576] File '/home/cdickins/reuse/gyro_tester_gold-master/gyro_tester_gold/gyro_tester_gold/gyro_tester_gold.srcs/sources_1/bd/design_2/ip/design_2_axi_smc_0/bd_0/ip/ip_5/bd_ebcc_wsw_0.xci' referenced by design 'bd_ebcc' could not be found.
WARNING: [BD 41-2576] File '/home/cdickins/reuse/gyro_tester_gold-master/gyro_tester_gold/gyro_tester_gold/gyro_tester_gold.srcs/sources_1/bd/design_2/ip/design_2_axi_smc_0/bd_0/ip/ip_6/bd_ebcc_bsw_0.xci' referenced by design 'bd_ebcc' could not be found.
WARNING: [BD 41-2576] File '/home/cdickins/reuse/gyro_tester_gold-master/gyro_tester_gold/gyro_tester_gold/gyro_tester_gold.srcs/sources_1/bd/design_2/ip/design_2_axi_smc_0/bd_0/ip/ip_7/bd_ebcc_s00mmu_0.xci' referenced by design 'bd_ebcc' could not be found.
WARNING: [BD 41-2576] File '/home/cdickins/reuse/gyro_tester_gold-master/gyro_tester_gold/gyro_tester_gold/gyro_tester_gold.srcs/sources_1/bd/design_2/ip/design_2_axi_smc_0/bd_0/ip/ip_8/bd_ebcc_s00tr_0.xci' referenced by design 'bd_ebcc' could not be found.
WARNING: [BD 41-2576] File '/home/cdickins/reuse/gyro_tester_gold-master/gyro_tester_gold/gyro_tester_gold/gyro_tester_gold.srcs/sources_1/bd/design_2/ip/design_2_axi_smc_0/bd_0/ip/ip_9/bd_ebcc_s00sic_0.xci' referenced by design 'bd_ebcc' could not be found.
WARNING: [BD 41-2576] File '/home/cdickins/reuse/gyro_tester_gold-master/gyro_tester_gold/gyro_tester_gold/gyro_tester_gold.srcs/sources_1/bd/design_2/ip/design_2_axi_smc_0/bd_0/ip/ip_10/bd_ebcc_s00a2s_0.xci' referenced by design 'bd_ebcc' could not be found.
WARNING: [BD 41-2576] File '/home/cdickins/reuse/gyro_tester_gold-master/gyro_tester_gold/gyro_tester_gold/gyro_tester_gold.srcs/sources_1/bd/design_2/ip/design_2_axi_smc_0/bd_0/ip/ip_11/bd_ebcc_sarn_0.xci' referenced by design 'bd_ebcc' could not be found.
WARNING: [BD 41-2576] File '/home/cdickins/reuse/gyro_tester_gold-master/gyro_tester_gold/gyro_tester_gold/gyro_tester_gold.srcs/sources_1/bd/design_2/ip/design_2_axi_smc_0/bd_0/ip/ip_12/bd_ebcc_srn_0.xci' referenced by design 'bd_ebcc' could not be found.
WARNING: [BD 41-2576] File '/home/cdickins/reuse/gyro_tester_gold-master/gyro_tester_gold/gyro_tester_gold/gyro_tester_gold.srcs/sources_1/bd/design_2/ip/design_2_axi_smc_0/bd_0/ip/ip_13/bd_ebcc_sawn_0.xci' referenced by design 'bd_ebcc' could not be found.
WARNING: [BD 41-2576] File '/home/cdickins/reuse/gyro_tester_gold-master/gyro_tester_gold/gyro_tester_gold/gyro_tester_gold.srcs/sources_1/bd/design_2/ip/design_2_axi_smc_0/bd_0/ip/ip_14/bd_ebcc_swn_0.xci' referenced by design 'bd_ebcc' could not be found.
WARNING: [BD 41-2576] File '/home/cdickins/reuse/gyro_tester_gold-master/gyro_tester_gold/gyro_tester_gold/gyro_tester_gold.srcs/sources_1/bd/design_2/ip/design_2_axi_smc_0/bd_0/ip/ip_15/bd_ebcc_sbn_0.xci' referenced by design 'bd_ebcc' could not be found.
WARNING: [BD 41-2576] File '/home/cdickins/reuse/gyro_tester_gold-master/gyro_tester_gold/gyro_tester_gold/gyro_tester_gold.srcs/sources_1/bd/design_2/ip/design_2_axi_smc_0/bd_0/ip/ip_16/bd_ebcc_s01mmu_0.xci' referenced by design 'bd_ebcc' could not be found.
WARNING: [BD 41-2576] File '/home/cdickins/reuse/gyro_tester_gold-master/gyro_tester_gold/gyro_tester_gold/gyro_tester_gold.srcs/sources_1/bd/design_2/ip/design_2_axi_smc_0/bd_0/ip/ip_17/bd_ebcc_s01tr_0.xci' referenced by design 'bd_ebcc' could not be found.
WARNING: [BD 41-2576] File '/home/cdickins/reuse/gyro_tester_gold-master/gyro_tester_gold/gyro_tester_gold/gyro_tester_gold.srcs/sources_1/bd/design_2/ip/design_2_axi_smc_0/bd_0/ip/ip_18/bd_ebcc_s01sic_0.xci' referenced by design 'bd_ebcc' could not be found.
WARNING: [BD 41-2576] File '/home/cdickins/reuse/gyro_tester_gold-master/gyro_tester_gold/gyro_tester_gold/gyro_tester_gold.srcs/sources_1/bd/design_2/ip/design_2_axi_smc_0/bd_0/ip/ip_19/bd_ebcc_s01a2s_0.xci' referenced by design 'bd_ebcc' could not be found.
WARNING: [BD 41-2576] File '/home/cdickins/reuse/gyro_tester_gold-master/gyro_tester_gold/gyro_tester_gold/gyro_tester_gold.srcs/sources_1/bd/design_2/ip/design_2_axi_smc_0/bd_0/ip/ip_20/bd_ebcc_sarn_1.xci' referenced by design 'bd_ebcc' could not be found.
WARNING: [BD 41-2576] File '/home/cdickins/reuse/gyro_tester_gold-master/gyro_tester_gold/gyro_tester_gold/gyro_tester_gold.srcs/sources_1/bd/design_2/ip/design_2_axi_smc_0/bd_0/ip/ip_21/bd_ebcc_srn_1.xci' referenced by design 'bd_ebcc' could not be found.
WARNING: [BD 41-2576] File '/home/cdickins/reuse/gyro_tester_gold-master/gyro_tester_gold/gyro_tester_gold/gyro_tester_gold.srcs/sources_1/bd/design_2/ip/design_2_axi_smc_0/bd_0/ip/ip_22/bd_ebcc_s02mmu_0.xci' referenced by design 'bd_ebcc' could not be found.
WARNING: [BD 41-2576] File '/home/cdickins/reuse/gyro_tester_gold-master/gyro_tester_gold/gyro_tester_gold/gyro_tester_gold.srcs/sources_1/bd/design_2/ip/design_2_axi_smc_0/bd_0/ip/ip_23/bd_ebcc_s02tr_0.xci' referenced by design 'bd_ebcc' could not be found.
WARNING: [BD 41-2576] File '/home/cdickins/reuse/gyro_tester_gold-master/gyro_tester_gold/gyro_tester_gold/gyro_tester_gold.srcs/sources_1/bd/design_2/ip/design_2_axi_smc_0/bd_0/ip/ip_24/bd_ebcc_s02sic_0.xci' referenced by design 'bd_ebcc' could not be found.
WARNING: [BD 41-2576] File '/home/cdickins/reuse/gyro_tester_gold-master/gyro_tester_gold/gyro_tester_gold/gyro_tester_gold.srcs/sources_1/bd/design_2/ip/design_2_axi_smc_0/bd_0/ip/ip_25/bd_ebcc_s02a2s_0.xci' referenced by design 'bd_ebcc' could not be found.
WARNING: [BD 41-2576] File '/home/cdickins/reuse/gyro_tester_gold-master/gyro_tester_gold/gyro_tester_gold/gyro_tester_gold.srcs/sources_1/bd/design_2/ip/design_2_axi_smc_0/bd_0/ip/ip_26/bd_ebcc_sawn_1.xci' referenced by design 'bd_ebcc' could not be found.
WARNING: [BD 41-2576] File '/home/cdickins/reuse/gyro_tester_gold-master/gyro_tester_gold/gyro_tester_gold/gyro_tester_gold.srcs/sources_1/bd/design_2/ip/design_2_axi_smc_0/bd_0/ip/ip_27/bd_ebcc_swn_1.xci' referenced by design 'bd_ebcc' could not be found.
WARNING: [BD 41-2576] File '/home/cdickins/reuse/gyro_tester_gold-master/gyro_tester_gold/gyro_tester_gold/gyro_tester_gold.srcs/sources_1/bd/design_2/ip/design_2_axi_smc_0/bd_0/ip/ip_28/bd_ebcc_sbn_1.xci' referenced by design 'bd_ebcc' could not be found.
WARNING: [BD 41-2576] File '/home/cdickins/reuse/gyro_tester_gold-master/gyro_tester_gold/gyro_tester_gold/gyro_tester_gold.srcs/sources_1/bd/design_2/ip/design_2_axi_smc_0/bd_0/ip/ip_29/bd_ebcc_m00s2a_0.xci' referenced by design 'bd_ebcc' could not be found.
WARNING: [BD 41-2576] File '/home/cdickins/reuse/gyro_tester_gold-master/gyro_tester_gold/gyro_tester_gold/gyro_tester_gold.srcs/sources_1/bd/design_2/ip/design_2_axi_smc_0/bd_0/ip/ip_30/bd_ebcc_m00arn_0.xci' referenced by design 'bd_ebcc' could not be found.
WARNING: [BD 41-2576] File '/home/cdickins/reuse/gyro_tester_gold-master/gyro_tester_gold/gyro_tester_gold/gyro_tester_gold.srcs/sources_1/bd/design_2/ip/design_2_axi_smc_0/bd_0/ip/ip_31/bd_ebcc_m00rn_0.xci' referenced by design 'bd_ebcc' could not be found.
WARNING: [BD 41-2576] File '/home/cdickins/reuse/gyro_tester_gold-master/gyro_tester_gold/gyro_tester_gold/gyro_tester_gold.srcs/sources_1/bd/design_2/ip/design_2_axi_smc_0/bd_0/ip/ip_32/bd_ebcc_m00awn_0.xci' referenced by design 'bd_ebcc' could not be found.
WARNING: [BD 41-2576] File '/home/cdickins/reuse/gyro_tester_gold-master/gyro_tester_gold/gyro_tester_gold/gyro_tester_gold.srcs/sources_1/bd/design_2/ip/design_2_axi_smc_0/bd_0/ip/ip_33/bd_ebcc_m00wn_0.xci' referenced by design 'bd_ebcc' could not be found.
WARNING: [BD 41-2576] File '/home/cdickins/reuse/gyro_tester_gold-master/gyro_tester_gold/gyro_tester_gold/gyro_tester_gold.srcs/sources_1/bd/design_2/ip/design_2_axi_smc_0/bd_0/ip/ip_34/bd_ebcc_m00bn_0.xci' referenced by design 'bd_ebcc' could not be found.
WARNING: [BD 41-2576] File '/home/cdickins/reuse/gyro_tester_gold-master/gyro_tester_gold/gyro_tester_gold/gyro_tester_gold.srcs/sources_1/bd/design_2/ip/design_2_axi_smc_0/bd_0/ip/ip_35/bd_ebcc_m00e_0.xci' referenced by design 'bd_ebcc' could not be found.
WARNING: [BD 41-1661] One or more IPs have been locked in the design 'design_2.bd'. Please run report_ip_status for more details and recommendations on how to fix this issue.
List of locked IPs:
design_2_axis_stream_txfifo_0_2

open_project: Time (s): cpu = 00:00:16 ; elapsed = 00:00:09 . Memory (MB): peak = 8050.430 ; gain = 89.191 ; free physical = 4569 ; free virtual = 25393
update_compile_order -fileset sources_1
pwd
/home/cdickins/reuse/gyro_tester_gold-master/ip_repo
set_param board.repoPaths /home/cdickins/reuse/gyro_tester_gold-master/ip_repo/board_files/zed/1.4
/home/cdickins/reuse/gyro_tester_gold-master/ip_repo/board_files/zed/1.4
get_board_parts
xilinx.com:ac701:part0:1.4 xilinx.com:k26c:part0:1.2 xilinx.com:k26c:part0:1.3 xilinx.com:k26i:part0:1.2 xilinx.com:k26i:part0:1.3 xilinx.com:kc705:part0:1.6 xilinx.com:kcu105:part0:1.6 xilinx.com:kcu105:part0:1.7 xilinx.com:kcu116:part0:1.4 xilinx.com:kcu116:part0:1.5 xilinx.com:kcu1500:part0:1.2 xilinx.com:kv260_som:part0:1.2 xilinx.com:sp701:part0:1.0 xilinx.com:sp701:part0:1.1 xilinx.com:vc707:part0:1.4 xilinx.com:vc709:part0:1.8 xilinx.com:vck190:part0:2.2 xilinx.com:vcu108:part0:1.6 xilinx.com:vcu108:part0:1.7 xilinx.com:vcu110:part0:1.4 xilinx.com:vcu118:part0:2.0 xilinx.com:vcu118:part0:2.3 xilinx.com:vcu118:part0:2.4 xilinx.com:vcu128:part0:1.0 xilinx.com:vcu129:part0:1.0 xilinx.com:vcu1525:part0:1.3 xilinx.com:vermeo_t1_mpsoc:part0:1.0 xilinx.com:vermeo_t1_rfsoc:part0:1.0 xilinx.com:vmk180:part0:2.2 xilinx.com:zc702:part0:1.4 xilinx.com:zc706:part0:1.4 xilinx.com:zcu102:part0:3.3 xilinx.com:zcu102:part0:3.4 xilinx.com:zcu104:part0:1.1 xilinx.com:zcu106:part0:2.4 xilinx.com:zcu106:part0:2.5 xilinx.com:zcu106:part0:2.6 xilinx.com:zcu111:part0:1.2 xilinx.com:zcu111:part0:1.3 xilinx.com:zcu111:part0:1.4 xilinx.com:zcu1275:part0:1.0 xilinx.com:zcu1285:part0:1.0 xilinx.com:zcu208:part0:2.0 xilinx.com:zcu208_es:part0:1.0 xilinx.com:zcu208_es:part0:1.1 xilinx.com:zcu208_es:part0:1.2 xilinx.com:zcu216:part0:2.0 xilinx.com:zcu216_es:part0:1.0 xilinx.com:zcu216_es:part0:1.1 xilinx.com:zcu216_es:part0:1.2
et_property board_part em.avnet.com:zed:part0:1.4 [current_project]
invalid command name "et_property"
set_property board_part em.avnet.com:zed:part0:1.4 [current_project]
ERROR: [Board 49-71] The board_part definition was not found for em.avnet.com:zed:part0:1.4. The project's board_part property was not set, but the project's part property was set to xc7z020clg484-1. Valid board_part values can be retrieved with the 'get_board_parts' Tcl command. Check if board.repoPaths parameter is set and the board_part is installed from the tcl app store.
set_param board.repoPaths /home/cdickins/reuse/gyro_tester_gold-master/ip_repo/board_files/zed/1.4/board.xml
/home/cdickins/reuse/gyro_tester_gold-master/ip_repo/board_files/zed/1.4/board.xml
set_property board_part em.avnet.com:zed:part0:1.4 [current_project]
ERROR: [Board 49-71] The board_part definition was not found for em.avnet.com:zed:part0:1.4. The project's board_part property was not set, but the project's part property was set to xc7z020clg484-1. Valid board_part values can be retrieved with the 'get_board_parts' Tcl command. Check if board.repoPaths parameter is set and the board_part is installed from the tcl app store.
set_param board.repoPaths /home/cdickins/reuse/gyro_tester_gold-master/ip_repo/board_files/zed/1.4/
/home/cdickins/reuse/gyro_tester_gold-master/ip_repo/board_files/zed/1.4/
xhub::refresh_catalog [xhub::get_xstores xilinx_board_store]
WARNING: [Common 17-2137] File '/home/cdickins/.Xilinx/Vivado/2021.2/xhub/board_store/xilinx_board_store/XilinxBoardStore/Vivado/2021.2/.staging/boards/Xilinx/zcu670/1.0/xitem.json' is empty.
WARNING: [Common 17-2139] Found invalid metadata file '/home/cdickins/.Xilinx/Vivado/2021.2/xhub/board_store/xilinx_board_store/XilinxBoardStore/Vivado/2021.2/.staging/boards/Xilinx/zcu670/1.0/xitem.json' for item 'xilinx.com:xilinx_board_store:zcu670:1.0', catalog update is skipped for this item.
xhub::refresh_catalog: Time (s): cpu = 00:00:09 ; elapsed = 00:01:01 . Memory (MB): peak = 8239.531 ; gain = 0.000 ; free physical = 17854 ; free virtual = 23543
set_param board.repoPaths {/home/cdickins/.Xilinx/Vivado/2021.2/xhub/board_store/xilinx_board_store /home/cdickins/reuse/gyro_tester_gold-master/ip_repo/board_files/zed/1.4}
xhub::install [xhub::get_xitems avnet.com:xilinx_board_store:zedboard:1.4]
INFO: [xhubtcl 76-32] Installing object 'avnet.com:xilinx_board_store:zedboard:1.4' ...
INFO: [Common 17-1570] Installing object avnet.com:xilinx_board_store:zedboard:1.4 from remote host https://github.com/Xilinx/XilinxBoardStore.git
INFO: [Common 17-1573] Object avnet.com:xilinx_board_store:zedboard:1.4 has been installed successfully.
xhub::install: Time (s): cpu = 00:00:00.59 ; elapsed = 00:00:08 . Memory (MB): peak = 8239.531 ; gain = 0.000 ; free physical = 17873 ; free virtual = 23573
set_property board_part em.avnet.com:zed:part0:1.4 [current_project]
ERROR: [Board 49-71] The board_part definition was not found for em.avnet.com:zed:part0:1.4. The project's board_part property was not set, but the project's part property was set to xc7z020clg484-1. Valid board_part values can be retrieved with the 'get_board_parts' Tcl command. Check if board.repoPaths parameter is set and the board_part is installed from the tcl app store.
get_board_parts
xilinx.com:ac701:part0:1.4 xilinx.com:k26c:part0:1.2 xilinx.com:k26c:part0:1.3 xilinx.com:k26i:part0:1.2 xilinx.com:k26i:part0:1.3 xilinx.com:kc705:part0:1.6 xilinx.com:kcu105:part0:1.6 xilinx.com:kcu105:part0:1.7 xilinx.com:kcu116:part0:1.4 xilinx.com:kcu116:part0:1.5 xilinx.com:kcu1500:part0:1.2 xilinx.com:kv260_som:part0:1.2 xilinx.com:sp701:part0:1.0 xilinx.com:sp701:part0:1.1 xilinx.com:vc707:part0:1.4 xilinx.com:vc709:part0:1.8 xilinx.com:vck190:part0:2.2 xilinx.com:vcu108:part0:1.6 xilinx.com:vcu108:part0:1.7 xilinx.com:vcu110:part0:1.4 xilinx.com:vcu118:part0:2.0 xilinx.com:vcu118:part0:2.3 xilinx.com:vcu118:part0:2.4 xilinx.com:vcu128:part0:1.0 xilinx.com:vcu129:part0:1.0 xilinx.com:vcu1525:part0:1.3 xilinx.com:vermeo_t1_mpsoc:part0:1.0 xilinx.com:vermeo_t1_rfsoc:part0:1.0 xilinx.com:vmk180:part0:2.2 xilinx.com:zc702:part0:1.4 xilinx.com:zc706:part0:1.4 xilinx.com:zcu102:part0:3.3 xilinx.com:zcu102:part0:3.4 xilinx.com:zcu104:part0:1.1 xilinx.com:zcu106:part0:2.4 xilinx.com:zcu106:part0:2.5 xilinx.com:zcu106:part0:2.6 xilinx.com:zcu111:part0:1.2 xilinx.com:zcu111:part0:1.3 xilinx.com:zcu111:part0:1.4 xilinx.com:zcu1275:part0:1.0 xilinx.com:zcu1285:part0:1.0 xilinx.com:zcu208:part0:2.0 xilinx.com:zcu208_es:part0:1.0 xilinx.com:zcu208_es:part0:1.1 xilinx.com:zcu208_es:part0:1.2 xilinx.com:zcu216:part0:2.0 xilinx.com:zcu216_es:part0:1.0 xilinx.com:zcu216_es:part0:1.1 xilinx.com:zcu216_es:part0:1.2
exit
INFO: [Common 17-206] Exiting Vivado at Fri Apr  1 11:58:34 2022...
